fev. 21, 2025 11:43:42 AM liquibase.changelog
INFO: Reading resource: db/changelog/migrations/db.changelog-202502191223.sql
fev. 21, 2025 11:43:42 AM liquibase.changelog
INFO: Reading resource: db/changelog/migrations/db.changelog-202502201344.sql
fev. 21, 2025 11:43:42 AM liquibase.changelog
INFO: Reading resource: db/changelog/migrations/db.changelog-202502211107.sql
fev. 21, 2025 11:43:42 AM liquibase.changelog
INFO: Reading resource: db/changelog/migrations/db.changelog-202502211118.sql
fev. 21, 2025 11:43:42 AM liquibase.changelog
INFO: Reading from board.databasechangelog
fev. 21, 2025 11:43:42 AM liquibase.lockservice
INFO: Successfully acquired change log lock
fev. 21, 2025 11:43:42 AM liquibase.command
INFO: Using deploymentId: 0149022273
fev. 21, 2025 11:43:42 AM liquibase.changelog
INFO: Reading from board.databasechangelog
Running Changeset: db/changelog/migrations/db.changelog-202502211107.sql::202502211107::silas
fev. 21, 2025 11:43:42 AM liquibase.changelog
INFO: Custom SQL executed
fev. 21, 2025 11:43:42 AM liquibase.changelog
INFO: ChangeSet db/changelog/migrations/db.changelog-202502211107.sql::202502211107::silas ran successfully in 90ms
Running Changeset: db/changelog/migrations/db.changelog-202502211118.sql::20250221118::silas
fev. 21, 2025 11:43:42 AM liquibase.changelog
INFO: Custom SQL executed
fev. 21, 2025 11:43:42 AM liquibase.changelog
INFO: ChangeSet db/changelog/migrations/db.changelog-202502211118.sql::20250221118::silas ran successfully in 69ms

UPDATE SUMMARY
Run:                          2
Previously run:               2
Filtered out:                 0
-------------------------------
Total change sets:            4

fev. 21, 2025 11:43:42 AM liquibase.util
INFO: UPDATE SUMMARY
fev. 21, 2025 11:43:42 AM liquibase.util
INFO: Run:                          2
fev. 21, 2025 11:43:42 AM liquibase.util
INFO: Previously run:               2
fev. 21, 2025 11:43:42 AM liquibase.util
INFO: Filtered out:                 0
fev. 21, 2025 11:43:42 AM liquibase.util
INFO: -------------------------------
fev. 21, 2025 11:43:42 AM liquibase.util
INFO: Total change sets:            4
fev. 21, 2025 11:43:42 AM liquibase.util
INFO: Update summary generated
fev. 21, 2025 11:43:42 AM liquibase.command
INFO: Update command completed successfully.
Liquibase: Update has been successful. Rows affected: 2
fev. 21, 2025 11:43:42 AM liquibase.lockservice
INFO: Successfully released change log lock
fev. 21, 2025 11:43:42 AM liquibase.command
INFO: Command execution complete
